  colorProcessing.cpp
C:\Users\skarn\OneDrive - 중앙대학교\2021\1학기\그래픽프로그래밍설계\5\imageProcessing\colorProcessing.cpp(28,30): warning C4838: 'unsigned char'에서 'float'(으)로의 변환에는 축소 변환이 필요합니다.
C:\Users\skarn\OneDrive - 중앙대학교\2021\1학기\그래픽프로그래밍설계\5\imageProcessing\colorProcessing.cpp(28,47): warning C4838: 'unsigned char'에서 'float'(으)로의 변환에는 축소 변환이 필요합니다.
C:\Users\skarn\OneDrive - 중앙대학교\2021\1학기\그래픽프로그래밍설계\5\imageProcessing\colorProcessing.cpp(28,60): warning C4838: 'unsigned char'에서 'float'(으)로의 변환에는 축소 변환이 필요합니다.
C:\Users\skarn\OneDrive - 중앙대학교\2021\1학기\그래픽프로그래밍설계\5\imageProcessing\colorProcessing.cpp(30,39): warning C4244: '+=': 'double'에서 'float'(으)로 변환하면서 데이터가 손실될 수 있습니다.
C:\Users\skarn\OneDrive - 중앙대학교\2021\1학기\그래픽프로그래밍설계\5\imageProcessing\colorProcessing.cpp(31,19): warning C4244: '=': 'double'에서 'float'(으)로 변환하면서 데이터가 손실될 수 있습니다.
C:\Users\skarn\OneDrive - 중앙대학교\2021\1학기\그래픽프로그래밍설계\5\imageProcessing\colorProcessing.cpp(33,21): warning C4244: '=': 'float'에서 'unsigned char'(으)로 변환하면서 데이터가 손실될 수 있습니다.
C:\Users\skarn\OneDrive - 중앙대학교\2021\1학기\그래픽프로그래밍설계\5\imageProcessing\colorProcessing.cpp(33,46): warning C4244: '=': 'float'에서 'unsigned char'(으)로 변환하면서 데이터가 손실될 수 있습니다.
C:\Users\skarn\OneDrive - 중앙대학교\2021\1학기\그래픽프로그래밍설계\5\imageProcessing\colorProcessing.cpp(33,71): warning C4244: '=': 'float'에서 'unsigned char'(으)로 변환하면서 데이터가 손실될 수 있습니다.
C:\Users\skarn\OneDrive - 중앙대학교\2021\1학기\그래픽프로그래밍설계\5\imageProcessing\colorProcessing.cpp(7,6): warning C4101: 'i' :참조되지 않은 지역 변수입니다.
C:\Users\skarn\OneDrive - 중앙대학교\2021\1학기\그래픽프로그래밍설계\5\imageProcessing\colorProcessing.cpp(9,8): warning C4101: 'temp' :참조되지 않은 지역 변수입니다.
C:\Users\skarn\OneDrive - 중앙대학교\2021\1학기\그래픽프로그래밍설계\5\imageProcessing\colorProcessing.cpp(57,30): warning C4838: 'unsigned char'에서 'float'(으)로의 변환에는 축소 변환이 필요합니다.
C:\Users\skarn\OneDrive - 중앙대학교\2021\1학기\그래픽프로그래밍설계\5\imageProcessing\colorProcessing.cpp(57,47): warning C4838: 'unsigned char'에서 'float'(으)로의 변환에는 축소 변환이 필요합니다.
C:\Users\skarn\OneDrive - 중앙대학교\2021\1학기\그래픽프로그래밍설계\5\imageProcessing\colorProcessing.cpp(57,60): warning C4838: 'unsigned char'에서 'float'(으)로의 변환에는 축소 변환이 필요합니다.
C:\Users\skarn\OneDrive - 중앙대학교\2021\1학기\그래픽프로그래밍설계\5\imageProcessing\colorProcessing.cpp(63,41): warning C4244: '+=': 'double'에서 'float'(으)로 변환하면서 데이터가 손실될 수 있습니다.
C:\Users\skarn\OneDrive - 중앙대학교\2021\1학기\그래픽프로그래밍설계\5\imageProcessing\colorProcessing.cpp(64,19): warning C4244: '=': 'double'에서 'float'(으)로 변환하면서 데이터가 손실될 수 있습니다.
C:\Users\skarn\OneDrive - 중앙대학교\2021\1학기\그래픽프로그래밍설계\5\imageProcessing\colorProcessing.cpp(67,21): warning C4244: '=': 'float'에서 'unsigned char'(으)로 변환하면서 데이터가 손실될 수 있습니다.
C:\Users\skarn\OneDrive - 중앙대학교\2021\1학기\그래픽프로그래밍설계\5\imageProcessing\colorProcessing.cpp(67,46): warning C4244: '=': 'float'에서 'unsigned char'(으)로 변환하면서 데이터가 손실될 수 있습니다.
C:\Users\skarn\OneDrive - 중앙대학교\2021\1학기\그래픽프로그래밍설계\5\imageProcessing\colorProcessing.cpp(67,71): warning C4244: '=': 'float'에서 'unsigned char'(으)로 변환하면서 데이터가 손실될 수 있습니다.
C:\Users\skarn\OneDrive - 중앙대학교\2021\1학기\그래픽프로그래밍설계\5\imageProcessing\colorProcessing.cpp(44,6): warning C4101: 'i' :참조되지 않은 지역 변수입니다.
C:\Users\skarn\OneDrive - 중앙대학교\2021\1학기\그래픽프로그래밍설계\5\imageProcessing\colorProcessing.cpp(46,8): warning C4101: 'temp' :참조되지 않은 지역 변수입니다.
C:\Users\skarn\OneDrive - 중앙대학교\2021\1학기\그래픽프로그래밍설계\5\imageProcessing\colorProcessing.cpp(97,23): warning C4244: '=': 'float'에서 'unsigned char'(으)로 변환하면서 데이터가 손실될 수 있습니다.
C:\Users\skarn\OneDrive - 중앙대학교\2021\1학기\그래픽프로그래밍설계\5\imageProcessing\colorProcessing.cpp(120,30): warning C4838: 'unsigned char'에서 'float'(으)로의 변환에는 축소 변환이 필요합니다.
C:\Users\skarn\OneDrive - 중앙대학교\2021\1학기\그래픽프로그래밍설계\5\imageProcessing\colorProcessing.cpp(120,47): warning C4838: 'unsigned char'에서 'float'(으)로의 변환에는 축소 변환이 필요합니다.
C:\Users\skarn\OneDrive - 중앙대학교\2021\1학기\그래픽프로그래밍설계\5\imageProcessing\colorProcessing.cpp(120,60): warning C4838: 'unsigned char'에서 'float'(으)로의 변환에는 축소 변환이 필요합니다.
C:\Users\skarn\OneDrive - 중앙대학교\2021\1학기\그래픽프로그래밍설계\5\imageProcessing\colorProcessing.cpp(127,18): warning C4244: '=': 'double'에서 'float'(으)로 변환하면서 데이터가 손실될 수 있습니다.
C:\Users\skarn\OneDrive - 중앙대학교\2021\1학기\그래픽프로그래밍설계\5\imageProcessing\colorProcessing.cpp(129,19): warning C4244: '=': 'double'에서 'float'(으)로 변환하면서 데이터가 손실될 수 있습니다.
C:\Users\skarn\OneDrive - 중앙대학교\2021\1학기\그래픽프로그래밍설계\5\imageProcessing\colorProcessing.cpp(132,21): warning C4244: '=': 'float'에서 'unsigned char'(으)로 변환하면서 데이터가 손실될 수 있습니다.
C:\Users\skarn\OneDrive - 중앙대학교\2021\1학기\그래픽프로그래밍설계\5\imageProcessing\colorProcessing.cpp(132,46): warning C4244: '=': 'float'에서 'unsigned char'(으)로 변환하면서 데이터가 손실될 수 있습니다.
C:\Users\skarn\OneDrive - 중앙대학교\2021\1학기\그래픽프로그래밍설계\5\imageProcessing\colorProcessing.cpp(132,71): warning C4244: '=': 'float'에서 'unsigned char'(으)로 변환하면서 데이터가 손실될 수 있습니다.
C:\Users\skarn\OneDrive - 중앙대학교\2021\1학기\그래픽프로그래밍설계\5\imageProcessing\colorProcessing.cpp(107,6): warning C4101: 'i' :참조되지 않은 지역 변수입니다.
C:\Users\skarn\OneDrive - 중앙대학교\2021\1학기\그래픽프로그래밍설계\5\imageProcessing\colorProcessing.cpp(109,8): warning C4101: 'temp' :참조되지 않은 지역 변수입니다.
C:\Users\skarn\OneDrive - 중앙대학교\2021\1학기\그래픽프로그래밍설계\5\imageProcessing\colorProcessing.cpp(154,30): warning C4838: 'unsigned char'에서 'float'(으)로의 변환에는 축소 변환이 필요합니다.
C:\Users\skarn\OneDrive - 중앙대학교\2021\1학기\그래픽프로그래밍설계\5\imageProcessing\colorProcessing.cpp(154,47): warning C4838: 'unsigned char'에서 'float'(으)로의 변환에는 축소 변환이 필요합니다.
C:\Users\skarn\OneDrive - 중앙대학교\2021\1학기\그래픽프로그래밍설계\5\imageProcessing\colorProcessing.cpp(154,60): warning C4838: 'unsigned char'에서 'float'(으)로의 변환에는 축소 변환이 필요합니다.
C:\Users\skarn\OneDrive - 중앙대학교\2021\1학기\그래픽프로그래밍설계\5\imageProcessing\colorProcessing.cpp(163,19): warning C4244: '=': 'double'에서 'float'(으)로 변환하면서 데이터가 손실될 수 있습니다.
C:\Users\skarn\OneDrive - 중앙대학교\2021\1학기\그래픽프로그래밍설계\5\imageProcessing\colorProcessing.cpp(165,19): warning C4244: '=': 'double'에서 'float'(으)로 변환하면서 데이터가 손실될 수 있습니다.
C:\Users\skarn\OneDrive - 중앙대학교\2021\1학기\그래픽프로그래밍설계\5\imageProcessing\colorProcessing.cpp(168,21): warning C4244: '=': 'float'에서 'unsigned char'(으)로 변환하면서 데이터가 손실될 수 있습니다.
C:\Users\skarn\OneDrive - 중앙대학교\2021\1학기\그래픽프로그래밍설계\5\imageProcessing\colorProcessing.cpp(168,46): warning C4244: '=': 'float'에서 'unsigned char'(으)로 변환하면서 데이터가 손실될 수 있습니다.
C:\Users\skarn\OneDrive - 중앙대학교\2021\1학기\그래픽프로그래밍설계\5\imageProcessing\colorProcessing.cpp(168,71): warning C4244: '=': 'float'에서 'unsigned char'(으)로 변환하면서 데이터가 손실될 수 있습니다.
C:\Users\skarn\OneDrive - 중앙대학교\2021\1학기\그래픽프로그래밍설계\5\imageProcessing\colorProcessing.cpp(141,6): warning C4101: 'i' :참조되지 않은 지역 변수입니다.
C:\Users\skarn\OneDrive - 중앙대학교\2021\1학기\그래픽프로그래밍설계\5\imageProcessing\colorProcessing.cpp(143,8): warning C4101: 'temp' :참조되지 않은 지역 변수입니다.
C:\Users\skarn\OneDrive - 중앙대학교\2021\1학기\그래픽프로그래밍설계\5\imageProcessing\colorProcessing.cpp(191,30): warning C4838: 'unsigned char'에서 'float'(으)로의 변환에는 축소 변환이 필요합니다.
C:\Users\skarn\OneDrive - 중앙대학교\2021\1학기\그래픽프로그래밍설계\5\imageProcessing\colorProcessing.cpp(191,47): warning C4838: 'unsigned char'에서 'float'(으)로의 변환에는 축소 변환이 필요합니다.
C:\Users\skarn\OneDrive - 중앙대학교\2021\1학기\그래픽프로그래밍설계\5\imageProcessing\colorProcessing.cpp(191,60): warning C4838: 'unsigned char'에서 'float'(으)로의 변환에는 축소 변환이 필요합니다.
C:\Users\skarn\OneDrive - 중앙대학교\2021\1학기\그래픽프로그래밍설계\5\imageProcessing\colorProcessing.cpp(200,19): warning C4244: '=': 'double'에서 'float'(으)로 변환하면서 데이터가 손실될 수 있습니다.
C:\Users\skarn\OneDrive - 중앙대학교\2021\1학기\그래픽프로그래밍설계\5\imageProcessing\colorProcessing.cpp(203,19): warning C4244: '=': 'double'에서 'float'(으)로 변환하면서 데이터가 손실될 수 있습니다.
C:\Users\skarn\OneDrive - 중앙대학교\2021\1학기\그래픽프로그래밍설계\5\imageProcessing\colorProcessing.cpp(205,19): warning C4244: '=': 'double'에서 'float'(으)로 변환하면서 데이터가 손실될 수 있습니다.
C:\Users\skarn\OneDrive - 중앙대학교\2021\1학기\그래픽프로그래밍설계\5\imageProcessing\colorProcessing.cpp(207,21): warning C4244: '=': 'float'에서 'unsigned char'(으)로 변환하면서 데이터가 손실될 수 있습니다.
C:\Users\skarn\OneDrive - 중앙대학교\2021\1학기\그래픽프로그래밍설계\5\imageProcessing\colorProcessing.cpp(207,44): warning C4244: '=': 'float'에서 'unsigned char'(으)로 변환하면서 데이터가 손실될 수 있습니다.
C:\Users\skarn\OneDrive - 중앙대학교\2021\1학기\그래픽프로그래밍설계\5\imageProcessing\colorProcessing.cpp(207,67): warning C4244: '=': 'float'에서 'unsigned char'(으)로 변환하면서 데이터가 손실될 수 있습니다.
C:\Users\skarn\OneDrive - 중앙대학교\2021\1학기\그래픽프로그래밍설계\5\imageProcessing\colorProcessing.cpp(178,6): warning C4101: 'i' :참조되지 않은 지역 변수입니다.
C:\Users\skarn\OneDrive - 중앙대학교\2021\1학기\그래픽프로그래밍설계\5\imageProcessing\colorProcessing.cpp(180,8): warning C4101: 'temp' :참조되지 않은 지역 변수입니다.
C:\Users\skarn\OneDrive - 중앙대학교\2021\1학기\그래픽프로그래밍설계\5\imageProcessing\colorProcessing.cpp(234,30): warning C4838: 'unsigned char'에서 'float'(으)로의 변환에는 축소 변환이 필요합니다.
C:\Users\skarn\OneDrive - 중앙대학교\2021\1학기\그래픽프로그래밍설계\5\imageProcessing\colorProcessing.cpp(234,47): warning C4838: 'unsigned char'에서 'float'(으)로의 변환에는 축소 변환이 필요합니다.
C:\Users\skarn\OneDrive - 중앙대학교\2021\1학기\그래픽프로그래밍설계\5\imageProcessing\colorProcessing.cpp(234,60): warning C4838: 'unsigned char'에서 'float'(으)로의 변환에는 축소 변환이 필요합니다.
C:\Users\skarn\OneDrive - 중앙대학교\2021\1학기\그래픽프로그래밍설계\5\imageProcessing\colorProcessing.cpp(238,19): warning C4244: '=': 'double'에서 'float'(으)로 변환하면서 데이터가 손실될 수 있습니다.
C:\Users\skarn\OneDrive - 중앙대학교\2021\1학기\그래픽프로그래밍설계\5\imageProcessing\colorProcessing.cpp(241,19): warning C4244: '=': 'double'에서 'float'(으)로 변환하면서 데이터가 손실될 수 있습니다.
C:\Users\skarn\OneDrive - 중앙대학교\2021\1학기\그래픽프로그래밍설계\5\imageProcessing\colorProcessing.cpp(243,19): warning C4244: '=': 'double'에서 'float'(으)로 변환하면서 데이터가 손실될 수 있습니다.
C:\Users\skarn\OneDrive - 중앙대학교\2021\1학기\그래픽프로그래밍설계\5\imageProcessing\colorProcessing.cpp(245,21): warning C4244: '=': 'float'에서 'unsigned char'(으)로 변환하면서 데이터가 손실될 수 있습니다.
C:\Users\skarn\OneDrive - 중앙대학교\2021\1학기\그래픽프로그래밍설계\5\imageProcessing\colorProcessing.cpp(245,46): warning C4244: '=': 'float'에서 'unsigned char'(으)로 변환하면서 데이터가 손실될 수 있습니다.
C:\Users\skarn\OneDrive - 중앙대학교\2021\1학기\그래픽프로그래밍설계\5\imageProcessing\colorProcessing.cpp(245,71): warning C4244: '=': 'float'에서 'unsigned char'(으)로 변환하면서 데이터가 손실될 수 있습니다.
C:\Users\skarn\OneDrive - 중앙대학교\2021\1학기\그래픽프로그래밍설계\5\imageProcessing\colorProcessing.cpp(217,6): warning C4101: 'i' :참조되지 않은 지역 변수입니다.
C:\Users\skarn\OneDrive - 중앙대학교\2021\1학기\그래픽프로그래밍설계\5\imageProcessing\colorProcessing.cpp(219,8): warning C4101: 'temp' :참조되지 않은 지역 변수입니다.
C:\Users\skarn\OneDrive - 중앙대학교\2021\1학기\그래픽프로그래밍설계\5\imageProcessing\colorProcessing.cpp(255,9): warning C4101: 'loc' :참조되지 않은 지역 변수입니다.
C:\Users\skarn\OneDrive - 중앙대학교\2021\1학기\그래픽프로그래밍설계\5\imageProcessing\colorProcessing.cpp(254,9): warning C4101: 'y' :참조되지 않은 지역 변수입니다.
C:\Users\skarn\OneDrive - 중앙대학교\2021\1학기\그래픽프로그래밍설계\5\imageProcessing\colorProcessing.cpp(255,6): warning C4101: 'i' :참조되지 않은 지역 변수입니다.
C:\Users\skarn\OneDrive - 중앙대학교\2021\1학기\그래픽프로그래밍설계\5\imageProcessing\colorProcessing.cpp(254,6): warning C4101: 'x' :참조되지 않은 지역 변수입니다.
C:\Users\skarn\OneDrive - 중앙대학교\2021\1학기\그래픽프로그래밍설계\5\imageProcessing\colorProcessing.cpp(257,8): warning C4101: 'temp' :참조되지 않은 지역 변수입니다.
  bmp.vcxproj -> C:\Users\skarn\OneDrive - 중앙대학교\2021\1학기\그래픽프로그래밍설계\5\bmp\Debug\bmp.exe
